[dotenv@17.3.1] injecting env (4) from .env -- tip: ⚙️  load multiple .env files with { path: ['.env.local', '.env'] }
✓ Connected to MongoDB Successfully
✓ Server running on port 5001
Email failed to send, but data was saved. Error: Invalid login: 535-5.7.8 Username and Password not accepted. For more information, go to
535 5.7.8  https://support.google.com/mail/?p=BadCredentials d2e1a72fcca58-82ca8498489sm2596136b3a.27 - gsmtp
    at SMTPConnection._formatError (/Users/sudhanshubansal/Desktop/shanku 2/backend/node_modules/nodemailer/lib/smtp-connection/index.js:865:19)
    at SMTPConnection._actionAUTHComplete (/Users/sudhanshubansal/Desktop/shanku 2/backend/node_modules/nodemailer/lib/smtp-connection/index.js:1673:34)
    at SMTPConnection.<anonymous> (/Users/sudhanshubansal/Desktop/shanku 2/backend/node_modules/nodemailer/lib/smtp-connection/index.js:604:26)
    at SMTPConnection._processResponse (/Users/sudhanshubansal/Desktop/shanku 2/backend/node_modules/nodemailer/lib/smtp-connection/index.js:1050:20)
    at SMTPConnection._onData (/Users/sudhanshubansal/Desktop/shanku 2/backend/node_modules/nodemailer/lib/smtp-connection/index.js:825:14)
    at SMTPConnection._onSocketData (/Users/sudhanshubansal/Desktop/shanku 2/backend/node_modules/nodemailer/lib/smtp-connection/index.js:195:44)
    at TLSSocket.emit (node:events:508:28)
    at addChunk (node:internal/streams/readable:563:12)
    at readableAddChunkPushByteMode (node:internal/streams/readable:514:3)
    at Readable.push (node:internal/streams/readable:394:5) {
  code: 'EAUTH',
  response: '535-5.7.8 Username and Password not accepted. For more information, go to\n' +
    '535 5.7.8  https://support.google.com/mail/?p=BadCredentials d2e1a72fcca58-82ca8498489sm2596136b3a.27 - gsmtp',
  responseCode: 535,
  command: 'AUTH PLAIN'
}
